[2021-02-02 11:21:48] [INFO]: 重新启动adb
[2021-02-02 11:22:04] [INFO]: 已经获取到的当前项目的版本是:v4.3.0
[2021-02-02 11:22:04] [INFO]: 已经获取到当前连接的手机的系统版本是:6.0
[2021-02-02 11:22:04] [INFO]: 等待20S启动AppiumServer
[2021-02-02 11:22:25] [INFO]: appium-server启动成功！！
[2021-02-02 11:22:25] [INFO]: 当前执行手机系统版本小于8.0
[2021-02-02 11:22:25] [INFO]: ****************************************************************************************************
[2021-02-02 11:22:38] [INFO]: 初始化--><class 'utx.core.Meta'>类
[2021-02-02 11:22:48] [INFO]: 开始执行_close_msg_alert方法
[2021-02-02 11:22:48] [INFO]: 开始定位首页推荐弹出框元素,方式->by_id, 值->com.sunrise.scmbhc:id/pop_image_close
[2021-02-02 11:22:53] [WARNING]: 未发现首页推荐弹出框元素,方法退出, 返回False
[2021-02-02 11:22:53] [INFO]: ****************************************************************************************************
[2021-02-02 11:22:53] [INFO]: 开始执行用例-><class 'test_index.TestOnkeyQuery'>.test_00011_index_check_onekeyquery
[2021-02-02 11:22:53] [INFO]: ****************************************************************************************************
[2021-02-02 11:22:53] [INFO]: [32mINFO start to test test_index.test_index_check_onekeyquery (11/68)[0m
[2021-02-02 11:22:53] [INFO]: 开始执行find_element方法
[2021-02-02 11:22:54] [INFO]: 成功定位元素,by->xpath, value=//*[@resource-id="com.sunrise.scmbhc:id/gridview_main_bis"]/android.widget.LinearLayout[1], 返回元素-><appium.webdriver.webelement.WebElement (session="a2f047c8-b283-4426-a7ea-387260493e0b", element="1")>
[2021-02-02 11:22:54] [INFO]: 结束执行用例-><class 'test_index.TestOnkeyQuery'>.test_00011_index_check_onekeyquery
[2021-02-02 11:22:54] [INFO]: ****************************************************************************************************
[2021-02-02 11:22:54] [INFO]: 开始执行用例-><class 'test_index.TestOnkeyQuery'>.test_00012_onekeyquery_checkstar
[2021-02-02 11:22:54] [INFO]: ****************************************************************************************************
[2021-02-02 11:22:54] [INFO]: [32mINFO start to test test_index.test_onekeyquery_checkstar (12/68)[0m
[2021-02-02 11:22:54] [INFO]: 开始执行find_element方法
[2021-02-02 11:22:55] [INFO]: 成功定位元素,by->xpath, value=//*[@resource-id="com.sunrise.scmbhc:id/gridview_main_bis"]/android.widget.LinearLayout[1], 返回元素-><appium.webdriver.webelement.WebElement (session="a2f047c8-b283-4426-a7ea-387260493e0b", element="2")>
[2021-02-02 11:23:02] [INFO]: 开始执行_close_msg_alert方法
[2021-02-02 11:23:02] [INFO]: 开始定位首页推荐弹出框元素,方式->by_id, 值->com.sunrise.scmbhc:id/pop_image_close
[2021-02-02 11:23:08] [WARNING]: 未发现首页推荐弹出框元素,方法退出, 返回False
[2021-02-02 11:23:08] [INFO]: 开始执行find_element方法
[2021-02-02 11:23:08] [INFO]: 成功定位元素,by->xpath, value=//*[@resource-id="starLevel"], 返回元素-><appium.webdriver.webelement.WebElement (session="a2f047c8-b283-4426-a7ea-387260493e0b", element="3")>
[2021-02-02 11:23:12] [INFO]: 结束执行用例-><class 'test_index.TestOnkeyQuery'>.test_00012_onekeyquery_checkstar
[2021-02-02 11:23:13] [INFO]: ****************************************************************************************************
[2021-02-02 11:23:13] [INFO]: 开始执行用例-><class 'test_index.TestOnkeyQuery'>.test_00013_onekeyquery_checkjifen
[2021-02-02 11:23:13] [INFO]: ****************************************************************************************************
[2021-02-02 11:23:13] [INFO]: [32mINFO start to test test_index.test_onekeyquery_checkjifen (13/68)[0m
[2021-02-02 11:23:13] [INFO]: 开始执行find_element方法
[2021-02-02 11:23:24] [WARNING]: 定位元素失败,by->xpath, value=//*[@resource-id="jifen"], 返回None
[2021-02-02 11:23:24] [INFO]: 当前activity->.ui.activity.webview.WebViewAcitivty
[2021-02-02 11:23:25] [INFO]: 结束执行用例-><class 'test_index.TestOnkeyQuery'>.test_00013_onekeyquery_checkjifen
[2021-02-02 11:23:26] [INFO]: ****************************************************************************************************
[2021-02-02 11:23:26] [INFO]: 开始执行用例-><class 'test_index.TestOnkeyQuery'>.test_00014_onkeyquery_check_dyye
[2021-02-02 11:23:26] [INFO]: ****************************************************************************************************
[2021-02-02 11:23:26] [INFO]: [32mINFO start to test test_index.test_onkeyquery_check_dyye (14/68)[0m
[2021-02-02 11:23:26] [INFO]: 开始执行find_element方法
[2021-02-02 11:23:27] [INFO]: 成功定位元素,by->xpath, value=//*[@resource-id="yue"], 返回元素-><appium.webdriver.webelement.WebElement (session="a2f047c8-b283-4426-a7ea-387260493e0b", element="4")>
[2021-02-02 11:23:28] [INFO]: xpath is
[2021-02-02 11:23:28] [WARNING]: 当月余额切割时出现异常，异常金额是
[2021-02-02 11:23:29] [INFO]: 结束执行用例-><class 'test_index.TestOnkeyQuery'>.test_00014_onkeyquery_check_dyye
[2021-02-02 11:23:30] [INFO]: ****************************************************************************************************
[2021-02-02 11:23:30] [INFO]: 开始执行用例-><class 'test_index.TestOnkeyQuery'>.test_00015_onekeyquery_checkchongzhi
[2021-02-02 11:23:30] [INFO]: ****************************************************************************************************
[2021-02-02 11:23:30] [INFO]: [32mINFO start to test test_index.test_onekeyquery_checkchongzhi (15/68)[0m
[2021-02-02 11:23:30] [INFO]: 开始执行find_element方法
[2021-02-02 11:23:31] [INFO]: 成功定位元素,by->xpath, value=//*[@resource-id="yue"]/android.view.View[2], 返回元素-><appium.webdriver.webelement.WebElement (session="a2f047c8-b283-4426-a7ea-387260493e0b", element="5")>
[2021-02-02 11:23:31] [INFO]: 结束执行用例-><class 'test_index.TestOnkeyQuery'>.test_00015_onekeyquery_checkchongzhi
[2021-02-02 11:23:31] [INFO]: ****************************************************************************************************
[2021-02-02 11:23:31] [INFO]: 开始执行用例-><class 'test_index.TestOnkeyQuery'>.test_00016_onekeyquery_check_righttop_kf
[2021-02-02 11:23:31] [INFO]: ****************************************************************************************************
[2021-02-02 11:23:31] [INFO]: [32mINFO start to test test_index.test_onekeyquery_check_righttop_kf (16/68)[0m
[2021-02-02 11:23:31] [INFO]: 开始执行find_element方法
[2021-02-02 11:23:31] [INFO]: 成功定位元素,by->xpath, value=//*[@resource-id="com.sunrise.scmbhc:id/ll1"]/android.widget.RelativeLayout[1]/android.widget.ImageView[1], 返回元素-><appium.webdriver.webelement.WebElement (session="a2f047c8-b283-4426-a7ea-387260493e0b", element="6")>
[2021-02-02 11:23:34] [INFO]: 开始执行find_element方法
[2021-02-02 11:23:35] [INFO]: 成功定位元素,by->xpath, value=//*[@text="在线客服"], 返回元素-><appium.webdriver.webelement.WebElement (session="a2f047c8-b283-4426-a7ea-387260493e0b", element="7")>
[2021-02-02 11:23:42] [INFO]: 开始执行find_element方法
[2021-02-02 11:23:46] [INFO]: 成功定位元素,by->xpath, value=//*[@resource-id="mescroll"]/android.view.View[7], 返回元素-><appium.webdriver.webelement.WebElement (session="a2f047c8-b283-4426-a7ea-387260493e0b", element="8")>
[2021-02-02 11:23:46] [INFO]: 一键查询页面成功定位到在线客服xpath为--><appium.webdriver.webelement.WebElement (session="a2f047c8-b283-4426-a7ea-387260493e0b", element="8")>
[2021-02-02 11:23:47] [INFO]: 结束执行用例-><class 'test_index.TestOnkeyQuery'>.test_00016_onekeyquery_check_righttop_kf
[2021-02-02 11:23:47] [INFO]: ****************************************************************************************************
[2021-02-02 11:23:47] [INFO]: 开始执行用例-><class 'test_index.TestOnkeyQuery'>.test_00017_onekeyquery_check_righttop_comments
[2021-02-02 11:23:47] [INFO]: ****************************************************************************************************
[2021-02-02 11:23:47] [INFO]: [32mINFO start to test test_index.test_onekeyquery_check_righttop_comments (17/68)[0m
[2021-02-02 11:23:47] [INFO]: 开始执行find_element方法
[2021-02-02 11:23:50] [INFO]: 成功定位元素,by->xpath, value=//*[@resource-id="com.sunrise.scmbhc:id/ll1"]/android.widget.RelativeLayout[2]/android.widget.ImageView[1], 返回元素-><appium.webdriver.webelement.WebElement (session="a2f047c8-b283-4426-a7ea-387260493e0b", element="9")>
[2021-02-02 11:23:54] [INFO]: 开始执行find_element方法
[2021-02-02 11:23:55] [INFO]: 成功定位元素,by->xpath, value=//*[@content-desc="提交"], 返回元素-><appium.webdriver.webelement.WebElement (session="a2f047c8-b283-4426-a7ea-387260493e0b", element="10")>
[2021-02-02 11:23:55] [INFO]: 开始执行find_element方法
[2021-02-02 11:23:56] [INFO]: 成功定位元素,by->xpath, value=//*[@resource-id="com.sunrise.scmbhc:id/title_btn_close"], 返回元素-><appium.webdriver.webelement.WebElement (session="a2f047c8-b283-4426-a7ea-387260493e0b", element="11")>
[2021-02-02 11:23:56] [INFO]: 成功定位到意见与评价页面的提交按钮的xpath，--><appium.webdriver.webelement.WebElement (session="a2f047c8-b283-4426-a7ea-387260493e0b", element="10")>
[2021-02-02 11:23:57] [INFO]: 结束执行用例-><class 'test_index.TestOnkeyQuery'>.test_00017_onekeyquery_check_righttop_comments
[2021-02-02 11:23:57] [INFO]: ****************************************************************************************************
[2021-02-02 11:23:57] [INFO]: 开始执行用例-><class 'test_index.TestOnkeyQuery'>.test_00018_onekeyquery_checkpayquery
[2021-02-02 11:23:57] [INFO]: ****************************************************************************************************
[2021-02-02 11:23:57] [INFO]: [32mINFO start to test test_index.test_onekeyquery_checkpayquery (18/68)[0m
[2021-02-02 11:23:57] [INFO]: 开始执行find_element方法
[2021-02-02 11:23:59] [INFO]: 成功定位元素,by->xpath, value=//*[@resource-id="xiaofei"]/android.view.View[2], 返回元素-><appium.webdriver.webelement.WebElement (session="a2f047c8-b283-4426-a7ea-387260493e0b", element="12")>
[2021-02-02 11:23:59] [INFO]: 结束执行用例-><class 'test_index.TestOnkeyQuery'>.test_00018_onekeyquery_checkpayquery
[2021-02-02 11:23:59] [INFO]: ****************************************************************************************************
[2021-02-02 11:23:59] [INFO]: 开始执行用例-><class 'test_index.TestOnkeyQuery'>.test_00019_onekeyquery_checkzhangmenrecommend
[2021-02-02 11:23:59] [INFO]: ****************************************************************************************************
[2021-02-02 11:24:00] [INFO]: [32mINFO start to test test_index.test_onekeyquery_checkzhangmenrecommend (19/68)[0m
[2021-02-02 11:24:00] [INFO]: 开始执行find_element方法
[2021-02-02 11:24:00] [INFO]: 成功定位元素,by->xpath, value=//*[@content-desc="语音/短彩信"], 返回元素-><appium.webdriver.webelement.WebElement (session="a2f047c8-b283-4426-a7ea-387260493e0b", element="13")>
[2021-02-02 11:24:02] [INFO]: 开始执行find_element方法
[2021-02-02 11:24:03] [INFO]: 成功定位元素,by->xpath, value=//*[@content-desc="一键查询"]/android.widget.ListView[3]/android.view.View[2], 返回元素-><appium.webdriver.webelement.WebElement (session="a2f047c8-b283-4426-a7ea-387260493e0b", element="14")>
[2021-02-02 11:24:03] [INFO]: 一键查询页面成功定位到掌门推荐xpath--><appium.webdriver.webelement.WebElement (session="a2f047c8-b283-4426-a7ea-387260493e0b", element="14")>
[2021-02-02 11:24:03] [INFO]: 结束执行用例-><class 'test_index.TestOnkeyQuery'>.test_00019_onekeyquery_checkzhangmenrecommend
[2021-02-02 11:24:03] [INFO]: ****************************************************************************************************
[2021-02-02 11:24:03] [INFO]: 开始执行用例-><class 'test_index.TestOnkeyQuery'>.test_00020_onekeyquery_check_meals_avaliable
[2021-02-02 11:24:03] [INFO]: ****************************************************************************************************
[2021-02-02 11:24:03] [INFO]: [32mINFO start to test test_index.test_onekeyquery_check_meals_avaliable (20/68)[0m
[2021-02-02 11:24:03] [INFO]: 开始执行find_element方法
[2021-02-02 11:24:04] [INFO]: 成功定位元素,by->xpath, value=//*[@content-desc="流量"], 返回元素-><appium.webdriver.webelement.WebElement (session="a2f047c8-b283-4426-a7ea-387260493e0b", element="15")>
[2021-02-02 11:24:06] [INFO]: 开始执行find_element方法
[2021-02-02 11:24:07] [INFO]: 成功定位元素,by->xpath, value=//*[@resource-id="taocan_keyong"], 返回元素-><appium.webdriver.webelement.WebElement (session="a2f047c8-b283-4426-a7ea-387260493e0b", element="16")>
[2021-02-02 11:24:08] [INFO]: 当前套餐可用处理后数据为-->2.14
[2021-02-02 11:24:08] [INFO]: 结束执行用例-><class 'test_index.TestOnkeyQuery'>.test_00020_onekeyquery_check_meals_avaliable
[2021-02-02 11:24:08] [INFO]: ****************************************************************************************************
[2021-02-02 11:24:08] [INFO]: 开始执行用例-><class 'test_index.TestOnkeyQuery'>.test_00021_onekeyquery_check_voiceandSMS
[2021-02-02 11:24:08] [INFO]: ****************************************************************************************************
[2021-02-02 11:24:08] [INFO]: [32mINFO start to test test_index.test_onekeyquery_check_voiceandSMS (21/68)[0m
[2021-02-02 11:24:08] [INFO]: 开始执行find_element方法
[2021-02-02 11:24:08] [INFO]: 成功定位元素,by->xpath, value=//*[@content-desc="语音/短彩信"], 返回元素-><appium.webdriver.webelement.WebElement (session="a2f047c8-b283-4426-a7ea-387260493e0b", element="17")>
[2021-02-02 11:24:10] [INFO]: 开始执行find_element方法
[2021-02-02 11:24:11] [INFO]: 成功定位元素,by->xpath, value=//*[@resource-id="yuyin2"], 返回元素-><appium.webdriver.webelement.WebElement (session="a2f047c8-b283-4426-a7ea-387260493e0b", element="18")>
[2021-02-02 11:24:12] [INFO]: 处理后数据为-->100.0
[2021-02-02 11:24:12] [INFO]: 结束执行用例-><class 'test_index.TestOnkeyQuery'>.test_00021_onekeyquery_check_voiceandSMS
[2021-02-02 11:24:12] [INFO]: ****************************************************************************************************
[2021-02-02 11:24:12] [INFO]: 开始执行用例-><class 'test_index.TestOnkeyQuery'>.test_00022_onekeyquery_check_advert
[2021-02-02 11:24:12] [INFO]: ****************************************************************************************************
[2021-02-02 11:24:12] [INFO]: [32mINFO start to test test_index.test_onekeyquery_check_advert (22/68)[0m
[2021-02-02 11:24:12] [INFO]: 开始执行find_element方法
[2021-02-02 11:24:12] [INFO]: 成功定位元素,by->xpath, value=//*[@content-desc="一键查询"]/android.widget.ListView[3]/android.view.View[1], 返回元素-><appium.webdriver.webelement.WebElement (session="a2f047c8-b283-4426-a7ea-387260493e0b", element="19")>
[2021-02-02 11:24:12] [INFO]: 结束执行用例-><class 'test_index.TestOnkeyQuery'>.test_00022_onekeyquery_check_advert
[2021-02-02 11:24:12] [INFO]: ****************************************************************************************************
[2021-02-02 11:24:12] [INFO]: 开始执行用例-><class 'test_index.TestOnkeyQuery'>.test_00023_onekeyquery_check_5Gzhixiangka
[2021-02-02 11:24:12] [INFO]: ****************************************************************************************************
[2021-02-02 11:24:12] [INFO]: [32mINFO start to test test_index.test_onekeyquery_check_5Gzhixiangka (23/68)[0m
[2021-02-02 11:24:14] [INFO]: 开始执行find_element方法
[2021-02-02 11:24:15] [INFO]: 成功定位元素,by->xpath, value=//*[@content-desc="一键查询"]/android.widget.ListView[3]/android.view.View[1], 返回元素-><appium.webdriver.webelement.WebElement (session="a2f047c8-b283-4426-a7ea-387260493e0b", element="20")>
[2021-02-02 11:24:15] [INFO]: 结束执行用例-><class 'test_index.TestOnkeyQuery'>.test_00023_onekeyquery_check_5Gzhixiangka
[2021-02-02 11:24:15] [INFO]: ****************************************************************************************************
[2021-02-02 11:24:15] [INFO]: 开始执行用例-><class 'test_index.TestOnkeyQuery'>.test_00024_onekeyquery_check_shenma
[2021-02-02 11:24:15] [INFO]: ****************************************************************************************************
[2021-02-02 11:24:15] [INFO]: [32mINFO start to test test_index.test_onekeyquery_check_shenma (24/68)[0m
[2021-02-02 11:24:15] [INFO]: 开始执行find_element方法
[2021-02-02 11:24:16] [INFO]: 成功定位元素,by->xpath, value=//*[@content-desc="一键查询"]/android.widget.ListView[3]/android.view.View[2], 返回元素-><appium.webdriver.webelement.WebElement (session="a2f047c8-b283-4426-a7ea-387260493e0b", element="21")>
[2021-02-02 11:24:16] [INFO]: 结束执行用例-><class 'test_index.TestOnkeyQuery'>.test_00024_onekeyquery_check_shenma
[2021-02-02 11:24:16] [INFO]: ****************************************************************************************************
[2021-02-02 11:24:16] [INFO]: 开始执行用例-><class 'test_index.TestOnkeyQuery'>.test_00025_onekeyquery_check_yidingyewu
[2021-02-02 11:24:16] [INFO]: ****************************************************************************************************
[2021-02-02 11:24:16] [INFO]: [32mINFO start to test test_index.test_onekeyquery_check_yidingyewu (25/68)[0m
[2021-02-02 11:24:17] [INFO]: 开始执行find_element方法
[2021-02-02 11:24:19] [INFO]: 成功定位元素,by->xpath, value=//*[@content-desc="已订业务查询"], 返回元素-><appium.webdriver.webelement.WebElement (session="a2f047c8-b283-4426-a7ea-387260493e0b", element="22")>
[2021-02-02 11:24:20] [INFO]: 已经获取到的已订业务的文本是-->已订业务查询
[2021-02-02 11:24:20] [INFO]: 结束执行用例-><class 'test_index.TestOnkeyQuery'>.test_00025_onekeyquery_check_yidingyewu
[2021-02-02 11:24:20] [INFO]: ****************************************************************************************************
[2021-02-02 11:24:20] [INFO]: 开始执行用例-><class 'test_index.TestOnkeyQuery'>.test_00026_onekeyquery_check_yicanjian
[2021-02-02 11:24:20] [INFO]: ****************************************************************************************************
[2021-02-02 11:24:20] [INFO]: [32mINFO start to test test_index.test_onekeyquery_check_yicanjian (26/68)[0m
[2021-02-02 11:24:20] [INFO]: 开始执行find_element方法
[2021-02-02 11:24:20] [INFO]: 成功定位元素,by->xpath, value=//*[@content-desc="已参加活动"], 返回元素-><appium.webdriver.webelement.WebElement (session="a2f047c8-b283-4426-a7ea-387260493e0b", element="23")>
[2021-02-02 11:24:21] [INFO]: 已经获取到的已订业务的文本是-->已参加活动
[2021-02-02 11:24:21] [INFO]: 结束执行用例-><class 'test_index.TestOnkeyQuery'>.test_00026_onekeyquery_check_yicanjian
[2021-02-02 11:24:21] [INFO]: ****************************************************************************************************
[2021-02-02 11:24:21] [INFO]: 开始执行用例-><class 'test_index.TestOnkeyQuery'>.test_00027_onekeyquery_check_jiluquery
[2021-02-02 11:24:21] [INFO]: ****************************************************************************************************
[2021-02-02 11:24:21] [INFO]: [32mINFO start to test test_index.test_onekeyquery_check_jiluquery (27/68)[0m
[2021-02-02 11:24:21] [INFO]: 开始执行find_element方法
[2021-02-02 11:24:22] [INFO]: 成功定位元素,by->xpath, value=//*[@content-desc="充值记录查询"], 返回元素-><appium.webdriver.webelement.WebElement (session="a2f047c8-b283-4426-a7ea-387260493e0b", element="24")>
[2021-02-02 11:24:23] [INFO]: 已经获取到的已订业务的文本是-->充值记录查询
[2021-02-02 11:24:23] [INFO]: 结束执行用例-><class 'test_index.TestOnkeyQuery'>.test_00027_onekeyquery_check_jiluquery
[2021-02-02 11:24:23] [INFO]: ****************************************************************************************************
[2021-02-02 11:24:23] [INFO]: 开始执行用例-><class 'test_index.TestOnkeyQuery'>.test_00028_onkeyquery_check_dianzifapiao
[2021-02-02 11:24:23] [INFO]: ****************************************************************************************************
[2021-02-02 11:24:23] [INFO]: [32mINFO start to test test_index.test_onkeyquery_check_dianzifapiao (28/68)[0m
[2021-02-02 11:24:23] [INFO]: 开始执行find_element方法
[2021-02-02 11:24:24] [INFO]: 成功定位元素,by->xpath, value=//*[@content-desc="电子发票 可开12个月"], 返回元素-><appium.webdriver.webelement.WebElement (session="a2f047c8-b283-4426-a7ea-387260493e0b", element="25")>
[2021-02-02 11:24:24] [INFO]: 已经获取到的已订业务的文本是-->电子发票 可开12个月
[2021-02-02 11:24:24] [INFO]: 结束执行用例-><class 'test_index.TestOnkeyQuery'>.test_00028_onkeyquery_check_dianzifapiao
[2021-02-02 11:24:24] [INFO]: ****************************************************************************************************
[2021-02-02 11:24:24] [INFO]: 开始执行用例-><class 'test_index.TestOnkeyQuery'>.test_00029_onekeyquery_check_payquery
[2021-02-02 11:24:24] [INFO]: ****************************************************************************************************
[2021-02-02 11:24:24] [INFO]: [32mINFO start to test test_index.test_onekeyquery_check_payquery (29/68)[0m
[2021-02-02 11:24:24] [INFO]: 开始执行find_element方法
[2021-02-02 11:24:25] [INFO]: 成功定位元素,by->xpath, value=//*[@content-desc="账单查询"], 返回元素-><appium.webdriver.webelement.WebElement (session="a2f047c8-b283-4426-a7ea-387260493e0b", element="26")>
[2021-02-02 11:24:38] [INFO]: 开始执行find_element方法
[2021-02-02 11:24:38] [INFO]: 成功定位元素,by->xpath, value=//*[@resource-id="monthTotal"], 返回元素-><appium.webdriver.webelement.WebElement (session="a2f047c8-b283-4426-a7ea-387260493e0b", element="27")>
[2021-02-02 11:24:39] [INFO]: 处理后数据为-->0.0
[2021-02-02 11:24:40] [INFO]: 结束执行用例-><class 'test_index.TestOnkeyQuery'>.test_00029_onekeyquery_check_payquery
[2021-02-02 11:24:42] [INFO]: ****************************************************************************************************
[2021-02-02 11:24:42] [INFO]: 开始执行用例-><class 'test_index.TestOnkeyQuery'>.test_00030_onekeyquery_check_xiangdanuqery
[2021-02-02 11:24:42] [INFO]: ****************************************************************************************************
[2021-02-02 11:24:42] [INFO]: [32mINFO start to test test_index.test_onekeyquery_check_xiangdanuqery (30/68)[0m
[2021-02-02 11:24:42] [INFO]: 开始执行find_element方法
[2021-02-02 11:24:42] [INFO]: 成功定位元素,by->xpath, value=//*[@content-desc="详单查询"], 返回元素-><appium.webdriver.webelement.WebElement (session="a2f047c8-b283-4426-a7ea-387260493e0b", element="28")>
[2021-02-02 11:24:46] [INFO]: 开始执行find_element方法
[2021-02-02 11:24:47] [INFO]: 成功定位元素,by->xpath, value=//*[@content-desc="流量详单"], 返回元素-><appium.webdriver.webelement.WebElement (session="a2f047c8-b283-4426-a7ea-387260493e0b", element="29")>
[2021-02-02 11:24:48] [INFO]: 定位到的页面元素是流量详单
[2021-02-02 11:24:48] [INFO]: 结束执行用例-><class 'test_index.TestOnkeyQuery'>.test_00030_onekeyquery_check_xiangdanuqery
[2021-02-02 11:24:48] [INFO]: ****************************************************************************************************
[2021-02-02 11:24:48] [INFO]: 开始执行用例-><class 'test_index.TestOnkeyQuery'>.test_00031_onekeyquery_check_tonghuaxiangdan
[2021-02-02 11:24:48] [INFO]: ****************************************************************************************************
[2021-02-02 11:24:48] [INFO]: [32mINFO start to test test_index.test_onekeyquery_check_tonghuaxiangdan (31/68)[0m
[2021-02-02 11:24:48] [INFO]: 开始执行find_element方法
[2021-02-02 11:24:49] [INFO]: 成功定位元素,by->xpath, value=//*[@content-desc="通话详单"], 返回元素-><appium.webdriver.webelement.WebElement (session="a2f047c8-b283-4426-a7ea-387260493e0b", element="30")>
[2021-02-02 11:24:50] [INFO]: 定位到的页面元素是通话详单
[2021-02-02 11:24:50] [INFO]: 结束执行用例-><class 'test_index.TestOnkeyQuery'>.test_00031_onekeyquery_check_tonghuaxiangdan
[2021-02-02 11:24:50] [INFO]: ****************************************************************************************************
[2021-02-02 11:24:50] [INFO]: 开始执行用例-><class 'test_index.TestOnkeyQuery'>.test_00035_oenkeyquery_check_daishouyewu
[2021-02-02 11:24:50] [INFO]: ****************************************************************************************************
[2021-02-02 11:24:50] [INFO]: [32mINFO start to test test_index.test_oenkeyquery_check_daishouyewu (32/68)[0m
[2021-02-02 11:24:50] [INFO]: 开始执行find_element方法
[2021-02-02 11:24:51] [INFO]: 成功定位元素,by->xpath, value=//*[@content-desc="代收费用业务扣费记录"], 返回元素-><appium.webdriver.webelement.WebElement (session="a2f047c8-b283-4426-a7ea-387260493e0b", element="31")>
[2021-02-02 11:24:52] [INFO]: 定位到的页面元素是代收费用业务扣费记录
[2021-02-02 11:24:52] [INFO]: 结束执行用例-><class 'test_index.TestOnkeyQuery'>.test_00035_oenkeyquery_check_daishouyewu
[2021-02-02 11:24:52] [INFO]: ****************************************************************************************************
[2021-02-02 11:24:52] [INFO]: 开始执行用例-><class 'test_index.TestOnkeyQuery'>.test_00036_onekeyquery_check_otherjilu
[2021-02-02 11:24:52] [INFO]: ****************************************************************************************************
[2021-02-02 11:24:52] [INFO]: [32mINFO start to test test_index.test_onekeyquery_check_otherjilu (33/68)[0m
[2021-02-02 11:24:52] [INFO]: 开始执行find_element方法
[2021-02-02 11:24:52] [INFO]: 成功定位元素,by->xpath, value=//*[@content-desc="其他费用扣费记录"], 返回元素-><appium.webdriver.webelement.WebElement (session="a2f047c8-b283-4426-a7ea-387260493e0b", element="32")>
[2021-02-02 11:24:53] [INFO]: 定位到的页面元素是其他费用扣费记录
[2021-02-02 11:24:53] [INFO]: 结束执行用例-><class 'test_index.TestOnkeyQuery'>.test_00036_onekeyquery_check_otherjilu
[2021-02-02 11:24:53] [INFO]: ****************************************************************************************************
[2021-02-02 11:24:53] [INFO]: 开始执行用例-><class 'test_index.TestOnkeyQuery'>.test_00037_onekeyquery_check_onlineservicebutton
[2021-02-02 11:24:53] [INFO]: ****************************************************************************************************
[2021-02-02 11:24:53] [INFO]: [32mINFO start to test test_index.test_onekeyquery_check_onlineservicebutton (34/68)[0m
[2021-02-02 11:24:53] [INFO]: 开始执行find_element方法
[2021-02-02 11:24:54] [INFO]: 成功定位元素,by->xpath, value=//*[@resource-id="drag"], 返回元素-><appium.webdriver.webelement.WebElement (session="a2f047c8-b283-4426-a7ea-387260493e0b", element="33")>
[2021-02-02 11:24:54] [INFO]: 结束执行用例-><class 'test_index.TestOnkeyQuery'>.test_00037_onekeyquery_check_onlineservicebutton
[2021-02-02 11:24:54] [INFO]: ****************************************************************************************************
[2021-02-02 11:24:59] [INFO]: ****************************************************************************************************
[2021-02-02 11:25:12] [INFO]: 初始化--><class 'utx.core.Meta'>类
[2021-02-02 11:25:22] [INFO]: 开始执行_close_msg_alert方法
[2021-02-02 11:25:22] [INFO]: 开始定位首页推荐弹出框元素,方式->by_id, 值->com.sunrise.scmbhc:id/pop_image_close
[2021-02-02 11:25:29] [WARNING]: 未发现首页推荐弹出框元素,方法退出, 返回False
[2021-02-02 11:25:29] [INFO]: ****************************************************************************************************
[2021-02-02 11:25:29] [INFO]: 开始执行用例-><class 'test_top_menu_button.TestSyisandmayi'>.test_00065_top_checkintosyis
[2021-02-02 11:25:29] [INFO]: ****************************************************************************************************
[2021-02-02 11:25:29] [INFO]: [32mINFO start to test test_top_menu_button.test_top_checkintosyis (62/68)[0m
[2021-02-02 11:25:29] [INFO]: 开始执行find_element方法
[2021-02-02 11:25:30] [INFO]: 成功定位元素,by->xpath, value=//*[@resource-id="com.sunrise.scmbhc:id/layout_massage"]/android.widget.RelativeLayout[3]/android.widget.ImageView[1], 返回元素-><appium.webdriver.webelement.WebElement (session="5effb6c3-09f3-4dc2-b6fc-22ef7ab4509d", element="1")>
[2021-02-02 11:25:34] [INFO]: 开始执行find_element方法
[2021-02-02 11:25:34] [INFO]: 成功定位元素,by->xpath, value=//*[@resource-id="com.sunrise.scmbhc:id/title_list"]/android.widget.RelativeLayout[2]/android.widget.LinearLayout[1], 返回元素-><appium.webdriver.webelement.WebElement (session="5effb6c3-09f3-4dc2-b6fc-22ef7ab4509d", element="2")>
[2021-02-02 11:25:38] [INFO]: 开始执行find_element方法
[2021-02-02 11:25:39] [INFO]: 成功定位元素,by->xpath, value=//*[@resource-id="com.sunrise.scmbhc:id/ll1"], 返回元素-><appium.webdriver.webelement.WebElement (session="5effb6c3-09f3-4dc2-b6fc-22ef7ab4509d", element="3")>
[2021-02-02 11:25:41] [INFO]: 成功定位到扫一扫页面中的元素
[2021-02-02 11:25:41] [INFO]: 结束执行用例-><class 'test_top_menu_button.TestSyisandmayi'>.test_00065_top_checkintosyis
[2021-02-02 11:25:41] [INFO]: ****************************************************************************************************
[2021-02-02 11:25:41] [INFO]: 开始执行用例-><class 'test_top_menu_button.TestSyisandmayi'>.test_00066_top_satisfiedforyou
[2021-02-02 11:25:41] [INFO]: ****************************************************************************************************
[2021-02-02 11:25:41] [INFO]: [32mINFO start to test test_top_menu_button.test_top_satisfiedforyou (63/68)[0m
[2021-02-02 11:25:41] [INFO]: 开始执行find_element方法
[2021-02-02 11:25:42] [INFO]: 成功定位元素,by->xpath, value=//*[@resource-id="com.sunrise.scmbhc:id/layout_massage"]/android.widget.RelativeLayout[3]/android.widget.ImageView[1], 返回元素-><appium.webdriver.webelement.WebElement (session="5effb6c3-09f3-4dc2-b6fc-22ef7ab4509d", element="4")>
[2021-02-02 11:25:45] [INFO]: 开始执行find_element方法
[2021-02-02 11:25:45] [INFO]: 成功定位元素,by->xpath, value=//*[@resource-id="com.sunrise.scmbhc:id/title_list"]/android.widget.RelativeLayout[3]/android.widget.LinearLayout[1], 返回元素-><appium.webdriver.webelement.WebElement (session="5effb6c3-09f3-4dc2-b6fc-22ef7ab4509d", element="5")>
[2021-02-02 11:25:49] [INFO]: 开始执行find_element方法
[2021-02-02 11:25:57] [INFO]: 成功定位元素,by->xpath, value=//*[@content-desc="banner"], 返回元素-><appium.webdriver.webelement.WebElement (session="5effb6c3-09f3-4dc2-b6fc-22ef7ab4509d", element="6")>
[2021-02-02 11:25:57] [INFO]: 成功进入满意为您页面，且成功定位到问卷图片的xpath
[2021-02-02 11:25:57] [INFO]: 结束执行用例-><class 'test_top_menu_button.TestSyisandmayi'>.test_00066_top_satisfiedforyou
[2021-02-02 11:25:57] [INFO]: ****************************************************************************************************
[2021-02-02 11:26:01] [INFO]: 测试用例执行完成，开始收集结果！！
[2021-02-02 11:26:01] [INFO]: 开始对结果进行去重处理
[2021-02-02 11:26:01] [INFO]: 关闭appium-server服务
