[2021-02-02 11:29:45] [INFO]: 重新启动adb
[2021-02-02 11:30:00] [INFO]: 已经获取到的当前项目的版本是:v4.3.0
[2021-02-02 11:30:00] [INFO]: 已经获取到当前连接的手机的系统版本是:6.0
[2021-02-02 11:30:00] [INFO]: 等待20S启动AppiumServer
[2021-02-02 11:30:22] [INFO]: appium-server启动成功！！
[2021-02-02 11:30:22] [INFO]: 当前执行手机系统版本小于8.0
[2021-02-02 11:30:22] [INFO]: ****************************************************************************************************
[2021-02-02 11:30:40] [INFO]: 初始化--><class 'utx.core.Meta'>类
[2021-02-02 11:30:50] [INFO]: 开始执行_close_msg_alert方法
[2021-02-02 11:30:50] [INFO]: 开始定位首页推荐弹出框元素,方式->by_id, 值->com.sunrise.scmbhc:id/pop_image_close
[2021-02-02 11:30:57] [WARNING]: 未发现首页推荐弹出框元素,方法退出, 返回False
[2021-02-02 11:30:57] [INFO]: ****************************************************************************************************
[2021-02-02 11:30:57] [INFO]: 开始执行用例-><class 'test_index.TestOnkeyQuery'>.test_00011_index_check_onekeyquery
[2021-02-02 11:30:57] [INFO]: ****************************************************************************************************
[2021-02-02 11:30:57] [INFO]: [32mINFO start to test test_index.test_index_check_onekeyquery (11/68)[0m
[2021-02-02 11:30:57] [INFO]: 开始执行find_element方法
[2021-02-02 11:30:57] [INFO]: 成功定位元素,by->xpath, value=//*[@resource-id="com.sunrise.scmbhc:id/gridview_main_bis"]/android.widget.LinearLayout[1], 返回元素-><appium.webdriver.webelement.WebElement (session="ea2ce4f4-97fb-41d2-902d-3cf5c4cf50dd", element="1")>
[2021-02-02 11:30:57] [INFO]: 结束执行用例-><class 'test_index.TestOnkeyQuery'>.test_00011_index_check_onekeyquery
[2021-02-02 11:30:57] [INFO]: ****************************************************************************************************
[2021-02-02 11:30:57] [INFO]: 开始执行用例-><class 'test_index.TestOnkeyQuery'>.test_00012_onekeyquery_checkstar
[2021-02-02 11:30:57] [INFO]: ****************************************************************************************************
[2021-02-02 11:30:57] [INFO]: [32mINFO start to test test_index.test_onekeyquery_checkstar (12/68)[0m
[2021-02-02 11:30:57] [INFO]: 开始执行find_element方法
[2021-02-02 11:30:58] [INFO]: 成功定位元素,by->xpath, value=//*[@resource-id="com.sunrise.scmbhc:id/gridview_main_bis"]/android.widget.LinearLayout[1], 返回元素-><appium.webdriver.webelement.WebElement (session="ea2ce4f4-97fb-41d2-902d-3cf5c4cf50dd", element="2")>
[2021-02-02 11:31:05] [INFO]: 开始执行_close_msg_alert方法
[2021-02-02 11:31:05] [INFO]: 开始定位首页推荐弹出框元素,方式->by_id, 值->com.sunrise.scmbhc:id/pop_image_close
[2021-02-02 11:31:06] [WARNING]: 未发现首页推荐弹出框元素,方法退出, 返回False
[2021-02-02 11:31:06] [INFO]: 开始执行find_element方法
[2021-02-02 11:31:08] [INFO]: 成功定位元素,by->xpath, value=//*[@resource-id="starLevel"], 返回元素-><appium.webdriver.webelement.WebElement (session="ea2ce4f4-97fb-41d2-902d-3cf5c4cf50dd", element="3")>
[2021-02-02 11:31:10] [INFO]: 结束执行用例-><class 'test_index.TestOnkeyQuery'>.test_00012_onekeyquery_checkstar
[2021-02-02 11:31:11] [INFO]: ****************************************************************************************************
[2021-02-02 11:31:11] [INFO]: 开始执行用例-><class 'test_index.TestOnkeyQuery'>.test_00013_onekeyquery_checkjifen
[2021-02-02 11:31:11] [INFO]: ****************************************************************************************************
[2021-02-02 11:31:11] [INFO]: [32mINFO start to test test_index.test_onekeyquery_checkjifen (13/68)[0m
[2021-02-02 11:31:11] [INFO]: 开始执行find_element方法
[2021-02-02 11:31:22] [WARNING]: 定位元素失败,by->xpath, value=//*[@resource-id="jifen"], 返回None
[2021-02-02 11:31:23] [INFO]: 当前activity->.ui.activity.webview.WebViewAcitivty
[2021-02-02 11:31:23] [INFO]: 结束执行用例-><class 'test_index.TestOnkeyQuery'>.test_00013_onekeyquery_checkjifen
[2021-02-02 11:31:24] [INFO]: ****************************************************************************************************
[2021-02-02 11:31:24] [INFO]: 开始执行用例-><class 'test_index.TestOnkeyQuery'>.test_00014_onkeyquery_check_dyye
[2021-02-02 11:31:24] [INFO]: ****************************************************************************************************
[2021-02-02 11:31:24] [INFO]: [32mINFO start to test test_index.test_onkeyquery_check_dyye (14/68)[0m
[2021-02-02 11:31:24] [INFO]: 开始执行find_element方法
[2021-02-02 11:31:25] [INFO]: 成功定位元素,by->xpath, value=//*[@resource-id="yue"], 返回元素-><appium.webdriver.webelement.WebElement (session="ea2ce4f4-97fb-41d2-902d-3cf5c4cf50dd", element="4")>
[2021-02-02 11:31:26] [INFO]: xpath is
[2021-02-02 11:31:26] [WARNING]: 当月余额切割时出现异常，异常金额是
[2021-02-02 11:31:26] [INFO]: 结束执行用例-><class 'test_index.TestOnkeyQuery'>.test_00014_onkeyquery_check_dyye
[2021-02-02 11:31:28] [INFO]: ****************************************************************************************************
[2021-02-02 11:31:28] [INFO]: 开始执行用例-><class 'test_index.TestOnkeyQuery'>.test_00015_onekeyquery_checkchongzhi
[2021-02-02 11:31:28] [INFO]: ****************************************************************************************************
[2021-02-02 11:31:28] [INFO]: [32mINFO start to test test_index.test_onekeyquery_checkchongzhi (15/68)[0m
[2021-02-02 11:31:28] [INFO]: 开始执行find_element方法
[2021-02-02 11:31:28] [INFO]: 成功定位元素,by->xpath, value=//*[@resource-id="yue"]/android.view.View[2], 返回元素-><appium.webdriver.webelement.WebElement (session="ea2ce4f4-97fb-41d2-902d-3cf5c4cf50dd", element="5")>
[2021-02-02 11:31:28] [INFO]: 结束执行用例-><class 'test_index.TestOnkeyQuery'>.test_00015_onekeyquery_checkchongzhi
[2021-02-02 11:31:28] [INFO]: ****************************************************************************************************
[2021-02-02 11:31:28] [INFO]: 开始执行用例-><class 'test_index.TestOnkeyQuery'>.test_00016_onekeyquery_check_righttop_kf
[2021-02-02 11:31:28] [INFO]: ****************************************************************************************************
[2021-02-02 11:31:28] [INFO]: [32mINFO start to test test_index.test_onekeyquery_check_righttop_kf (16/68)[0m
[2021-02-02 11:31:28] [INFO]: 开始执行find_element方法
[2021-02-02 11:31:29] [INFO]: 成功定位元素,by->xpath, value=//*[@resource-id="com.sunrise.scmbhc:id/ll1"]/android.widget.RelativeLayout[1]/android.widget.ImageView[1], 返回元素-><appium.webdriver.webelement.WebElement (session="ea2ce4f4-97fb-41d2-902d-3cf5c4cf50dd", element="6")>
[2021-02-02 11:31:32] [INFO]: 开始执行find_element方法
[2021-02-02 11:31:33] [INFO]: 成功定位元素,by->xpath, value=//*[@text="在线客服"], 返回元素-><appium.webdriver.webelement.WebElement (session="ea2ce4f4-97fb-41d2-902d-3cf5c4cf50dd", element="7")>
[2021-02-02 11:31:40] [INFO]: 开始执行find_element方法
[2021-02-02 11:31:45] [INFO]: 成功定位元素,by->xpath, value=//*[@resource-id="mescroll"]/android.view.View[7], 返回元素-><appium.webdriver.webelement.WebElement (session="ea2ce4f4-97fb-41d2-902d-3cf5c4cf50dd", element="8")>
[2021-02-02 11:31:45] [INFO]: 一键查询页面成功定位到在线客服xpath为--><appium.webdriver.webelement.WebElement (session="ea2ce4f4-97fb-41d2-902d-3cf5c4cf50dd", element="8")>
[2021-02-02 11:31:46] [INFO]: 结束执行用例-><class 'test_index.TestOnkeyQuery'>.test_00016_onekeyquery_check_righttop_kf
[2021-02-02 11:31:46] [INFO]: ****************************************************************************************************
[2021-02-02 11:31:46] [INFO]: 开始执行用例-><class 'test_index.TestOnkeyQuery'>.test_00017_onekeyquery_check_righttop_comments
[2021-02-02 11:31:46] [INFO]: ****************************************************************************************************
[2021-02-02 11:31:46] [INFO]: [32mINFO start to test test_index.test_onekeyquery_check_righttop_comments (17/68)[0m
[2021-02-02 11:31:46] [INFO]: 开始执行find_element方法
[2021-02-02 11:31:49] [INFO]: 成功定位元素,by->xpath, value=//*[@resource-id="com.sunrise.scmbhc:id/ll1"]/android.widget.RelativeLayout[2]/android.widget.ImageView[1], 返回元素-><appium.webdriver.webelement.WebElement (session="ea2ce4f4-97fb-41d2-902d-3cf5c4cf50dd", element="9")>
[2021-02-02 11:31:53] [INFO]: 开始执行find_element方法
[2021-02-02 11:31:54] [INFO]: 成功定位元素,by->xpath, value=//*[@content-desc="提交"], 返回元素-><appium.webdriver.webelement.WebElement (session="ea2ce4f4-97fb-41d2-902d-3cf5c4cf50dd", element="10")>
[2021-02-02 11:31:54] [INFO]: 开始执行find_element方法
[2021-02-02 11:31:54] [INFO]: 成功定位元素,by->xpath, value=//*[@resource-id="com.sunrise.scmbhc:id/title_btn_close"], 返回元素-><appium.webdriver.webelement.WebElement (session="ea2ce4f4-97fb-41d2-902d-3cf5c4cf50dd", element="11")>
[2021-02-02 11:31:54] [INFO]: 成功定位到意见与评价页面的提交按钮的xpath，--><appium.webdriver.webelement.WebElement (session="ea2ce4f4-97fb-41d2-902d-3cf5c4cf50dd", element="10")>
[2021-02-02 11:31:55] [INFO]: 结束执行用例-><class 'test_index.TestOnkeyQuery'>.test_00017_onekeyquery_check_righttop_comments
[2021-02-02 11:31:55] [INFO]: ****************************************************************************************************
[2021-02-02 11:31:55] [INFO]: 开始执行用例-><class 'test_index.TestOnkeyQuery'>.test_00018_onekeyquery_checkpayquery
[2021-02-02 11:31:55] [INFO]: ****************************************************************************************************
[2021-02-02 11:31:56] [INFO]: [32mINFO start to test test_index.test_onekeyquery_checkpayquery (18/68)[0m
[2021-02-02 11:31:56] [INFO]: 开始执行find_element方法
[2021-02-02 11:31:58] [INFO]: 成功定位元素,by->xpath, value=//*[@resource-id="xiaofei"]/android.view.View[2], 返回元素-><appium.webdriver.webelement.WebElement (session="ea2ce4f4-97fb-41d2-902d-3cf5c4cf50dd", element="12")>
[2021-02-02 11:31:58] [INFO]: 结束执行用例-><class 'test_index.TestOnkeyQuery'>.test_00018_onekeyquery_checkpayquery
[2021-02-02 11:31:58] [INFO]: ****************************************************************************************************
[2021-02-02 11:31:58] [INFO]: 开始执行用例-><class 'test_index.TestOnkeyQuery'>.test_00019_onekeyquery_checkzhangmenrecommend
[2021-02-02 11:31:58] [INFO]: ****************************************************************************************************
[2021-02-02 11:31:58] [INFO]: [32mINFO start to test test_index.test_onekeyquery_checkzhangmenrecommend (19/68)[0m
[2021-02-02 11:31:58] [INFO]: 开始执行find_element方法
[2021-02-02 11:31:58] [INFO]: 成功定位元素,by->xpath, value=//*[@content-desc="语音/短彩信"], 返回元素-><appium.webdriver.webelement.WebElement (session="ea2ce4f4-97fb-41d2-902d-3cf5c4cf50dd", element="13")>
[2021-02-02 11:32:00] [INFO]: 开始执行find_element方法
[2021-02-02 11:32:02] [INFO]: 成功定位元素,by->xpath, value=//*[@content-desc="一键查询"]/android.widget.ListView[3]/android.view.View[2], 返回元素-><appium.webdriver.webelement.WebElement (session="ea2ce4f4-97fb-41d2-902d-3cf5c4cf50dd", element="14")>
[2021-02-02 11:32:02] [INFO]: 一键查询页面成功定位到掌门推荐xpath--><appium.webdriver.webelement.WebElement (session="ea2ce4f4-97fb-41d2-902d-3cf5c4cf50dd", element="14")>
[2021-02-02 11:32:02] [INFO]: 结束执行用例-><class 'test_index.TestOnkeyQuery'>.test_00019_onekeyquery_checkzhangmenrecommend
[2021-02-02 11:32:02] [INFO]: ****************************************************************************************************
[2021-02-02 11:32:02] [INFO]: 开始执行用例-><class 'test_index.TestOnkeyQuery'>.test_00020_onekeyquery_check_meals_avaliable
[2021-02-02 11:32:02] [INFO]: ****************************************************************************************************
[2021-02-02 11:32:02] [INFO]: [32mINFO start to test test_index.test_onekeyquery_check_meals_avaliable (20/68)[0m
[2021-02-02 11:32:02] [INFO]: 开始执行find_element方法
[2021-02-02 11:32:02] [INFO]: 成功定位元素,by->xpath, value=//*[@content-desc="流量"], 返回元素-><appium.webdriver.webelement.WebElement (session="ea2ce4f4-97fb-41d2-902d-3cf5c4cf50dd", element="15")>
[2021-02-02 11:32:04] [INFO]: 开始执行find_element方法
[2021-02-02 11:32:05] [INFO]: 成功定位元素,by->xpath, value=//*[@resource-id="taocan_keyong"], 返回元素-><appium.webdriver.webelement.WebElement (session="ea2ce4f4-97fb-41d2-902d-3cf5c4cf50dd", element="16")>
[2021-02-02 11:32:06] [INFO]: 当前套餐可用处理后数据为-->2.14
[2021-02-02 11:32:06] [INFO]: 结束执行用例-><class 'test_index.TestOnkeyQuery'>.test_00020_onekeyquery_check_meals_avaliable
[2021-02-02 11:32:06] [INFO]: ****************************************************************************************************
[2021-02-02 11:32:06] [INFO]: 开始执行用例-><class 'test_index.TestOnkeyQuery'>.test_00021_onekeyquery_check_voiceandSMS
[2021-02-02 11:32:06] [INFO]: ****************************************************************************************************
[2021-02-02 11:32:06] [INFO]: [32mINFO start to test test_index.test_onekeyquery_check_voiceandSMS (21/68)[0m
[2021-02-02 11:32:06] [INFO]: 开始执行find_element方法
[2021-02-02 11:32:06] [INFO]: 成功定位元素,by->xpath, value=//*[@content-desc="语音/短彩信"], 返回元素-><appium.webdriver.webelement.WebElement (session="ea2ce4f4-97fb-41d2-902d-3cf5c4cf50dd", element="17")>
[2021-02-02 11:32:08] [INFO]: 开始执行find_element方法
[2021-02-02 11:32:09] [INFO]: 成功定位元素,by->xpath, value=//*[@resource-id="yuyin2"], 返回元素-><appium.webdriver.webelement.WebElement (session="ea2ce4f4-97fb-41d2-902d-3cf5c4cf50dd", element="18")>
[2021-02-02 11:32:10] [INFO]: 处理后数据为-->100.0
[2021-02-02 11:32:10] [INFO]: 结束执行用例-><class 'test_index.TestOnkeyQuery'>.test_00021_onekeyquery_check_voiceandSMS
[2021-02-02 11:32:10] [INFO]: ****************************************************************************************************
[2021-02-02 11:32:10] [INFO]: 开始执行用例-><class 'test_index.TestOnkeyQuery'>.test_00022_onekeyquery_check_advert
[2021-02-02 11:32:10] [INFO]: ****************************************************************************************************
[2021-02-02 11:32:10] [INFO]: [32mINFO start to test test_index.test_onekeyquery_check_advert (22/68)[0m
[2021-02-02 11:32:10] [INFO]: 开始执行find_element方法
[2021-02-02 11:32:10] [INFO]: 成功定位元素,by->xpath, value=//*[@content-desc="一键查询"]/android.widget.ListView[3]/android.view.View[1], 返回元素-><appium.webdriver.webelement.WebElement (session="ea2ce4f4-97fb-41d2-902d-3cf5c4cf50dd", element="19")>
[2021-02-02 11:32:11] [INFO]: 结束执行用例-><class 'test_index.TestOnkeyQuery'>.test_00022_onekeyquery_check_advert
[2021-02-02 11:32:11] [INFO]: ****************************************************************************************************
[2021-02-02 11:32:11] [INFO]: 开始执行用例-><class 'test_index.TestOnkeyQuery'>.test_00023_onekeyquery_check_5Gzhixiangka
[2021-02-02 11:32:11] [INFO]: ****************************************************************************************************
[2021-02-02 11:32:11] [INFO]: [32mINFO start to test test_index.test_onekeyquery_check_5Gzhixiangka (23/68)[0m
[2021-02-02 11:32:12] [INFO]: 开始执行find_element方法
[2021-02-02 11:32:13] [INFO]: 成功定位元素,by->xpath, value=//*[@content-desc="一键查询"]/android.widget.ListView[3]/android.view.View[1], 返回元素-><appium.webdriver.webelement.WebElement (session="ea2ce4f4-97fb-41d2-902d-3cf5c4cf50dd", element="20")>
[2021-02-02 11:32:14] [INFO]: 结束执行用例-><class 'test_index.TestOnkeyQuery'>.test_00023_onekeyquery_check_5Gzhixiangka
[2021-02-02 11:32:14] [INFO]: ****************************************************************************************************
[2021-02-02 11:32:14] [INFO]: 开始执行用例-><class 'test_index.TestOnkeyQuery'>.test_00024_onekeyquery_check_shenma
[2021-02-02 11:32:14] [INFO]: ****************************************************************************************************
[2021-02-02 11:32:14] [INFO]: [32mINFO start to test test_index.test_onekeyquery_check_shenma (24/68)[0m
[2021-02-02 11:32:14] [INFO]: 开始执行find_element方法
[2021-02-02 11:32:14] [INFO]: 成功定位元素,by->xpath, value=//*[@content-desc="一键查询"]/android.widget.ListView[3]/android.view.View[2], 返回元素-><appium.webdriver.webelement.WebElement (session="ea2ce4f4-97fb-41d2-902d-3cf5c4cf50dd", element="21")>
[2021-02-02 11:32:14] [INFO]: 结束执行用例-><class 'test_index.TestOnkeyQuery'>.test_00024_onekeyquery_check_shenma
[2021-02-02 11:32:14] [INFO]: ****************************************************************************************************
[2021-02-02 11:32:14] [INFO]: 开始执行用例-><class 'test_index.TestOnkeyQuery'>.test_00025_onekeyquery_check_yidingyewu
[2021-02-02 11:32:14] [INFO]: ****************************************************************************************************
[2021-02-02 11:32:14] [INFO]: [32mINFO start to test test_index.test_onekeyquery_check_yidingyewu (25/68)[0m
[2021-02-02 11:32:15] [INFO]: 开始执行find_element方法
[2021-02-02 11:32:16] [INFO]: 成功定位元素,by->xpath, value=//*[@content-desc="已订业务查询"], 返回元素-><appium.webdriver.webelement.WebElement (session="ea2ce4f4-97fb-41d2-902d-3cf5c4cf50dd", element="22")>
[2021-02-02 11:32:17] [INFO]: 已经获取到的已订业务的文本是-->已订业务查询
[2021-02-02 11:32:18] [INFO]: 结束执行用例-><class 'test_index.TestOnkeyQuery'>.test_00025_onekeyquery_check_yidingyewu
[2021-02-02 11:32:18] [INFO]: ****************************************************************************************************
[2021-02-02 11:32:18] [INFO]: 开始执行用例-><class 'test_index.TestOnkeyQuery'>.test_00026_onekeyquery_check_yicanjian
[2021-02-02 11:32:18] [INFO]: ****************************************************************************************************
[2021-02-02 11:32:18] [INFO]: [32mINFO start to test test_index.test_onekeyquery_check_yicanjian (26/68)[0m
[2021-02-02 11:32:18] [INFO]: 开始执行find_element方法
[2021-02-02 11:32:18] [INFO]: 成功定位元素,by->xpath, value=//*[@content-desc="已参加活动"], 返回元素-><appium.webdriver.webelement.WebElement (session="ea2ce4f4-97fb-41d2-902d-3cf5c4cf50dd", element="23")>
[2021-02-02 11:32:19] [INFO]: 已经获取到的已订业务的文本是-->已参加活动
[2021-02-02 11:32:19] [INFO]: 结束执行用例-><class 'test_index.TestOnkeyQuery'>.test_00026_onekeyquery_check_yicanjian
[2021-02-02 11:32:19] [INFO]: ****************************************************************************************************
[2021-02-02 11:32:19] [INFO]: 开始执行用例-><class 'test_index.TestOnkeyQuery'>.test_00027_onekeyquery_check_jiluquery
[2021-02-02 11:32:19] [INFO]: ****************************************************************************************************
[2021-02-02 11:32:19] [INFO]: [32mINFO start to test test_index.test_onekeyquery_check_jiluquery (27/68)[0m
[2021-02-02 11:32:19] [INFO]: 开始执行find_element方法
[2021-02-02 11:32:20] [INFO]: 成功定位元素,by->xpath, value=//*[@content-desc="充值记录查询"], 返回元素-><appium.webdriver.webelement.WebElement (session="ea2ce4f4-97fb-41d2-902d-3cf5c4cf50dd", element="24")>
[2021-02-02 11:32:21] [INFO]: 已经获取到的已订业务的文本是-->充值记录查询
[2021-02-02 11:32:22] [INFO]: 结束执行用例-><class 'test_index.TestOnkeyQuery'>.test_00027_onekeyquery_check_jiluquery
[2021-02-02 11:32:22] [INFO]: ****************************************************************************************************
[2021-02-02 11:32:22] [INFO]: 开始执行用例-><class 'test_index.TestOnkeyQuery'>.test_00028_onkeyquery_check_dianzifapiao
[2021-02-02 11:32:22] [INFO]: ****************************************************************************************************
[2021-02-02 11:32:22] [INFO]: [32mINFO start to test test_index.test_onkeyquery_check_dianzifapiao (28/68)[0m
[2021-02-02 11:32:22] [INFO]: 开始执行find_element方法
[2021-02-02 11:32:22] [INFO]: 成功定位元素,by->xpath, value=//*[@content-desc="电子发票 可开12个月"], 返回元素-><appium.webdriver.webelement.WebElement (session="ea2ce4f4-97fb-41d2-902d-3cf5c4cf50dd", element="25")>
[2021-02-02 11:32:23] [INFO]: 已经获取到的已订业务的文本是-->电子发票 可开12个月
[2021-02-02 11:32:23] [INFO]: 结束执行用例-><class 'test_index.TestOnkeyQuery'>.test_00028_onkeyquery_check_dianzifapiao
[2021-02-02 11:32:23] [INFO]: ****************************************************************************************************
[2021-02-02 11:32:23] [INFO]: 开始执行用例-><class 'test_index.TestOnkeyQuery'>.test_00029_onekeyquery_check_payquery
[2021-02-02 11:32:23] [INFO]: ****************************************************************************************************
[2021-02-02 11:32:23] [INFO]: [32mINFO start to test test_index.test_onekeyquery_check_payquery (29/68)[0m
[2021-02-02 11:32:23] [INFO]: 开始执行find_element方法
[2021-02-02 11:32:23] [INFO]: 成功定位元素,by->xpath, value=//*[@content-desc="账单查询"], 返回元素-><appium.webdriver.webelement.WebElement (session="ea2ce4f4-97fb-41d2-902d-3cf5c4cf50dd", element="26")>
[2021-02-02 11:32:34] [INFO]: 开始执行find_element方法
[2021-02-02 11:32:35] [INFO]: 成功定位元素,by->xpath, value=//*[@resource-id="monthTotal"], 返回元素-><appium.webdriver.webelement.WebElement (session="ea2ce4f4-97fb-41d2-902d-3cf5c4cf50dd", element="27")>
[2021-02-02 11:32:36] [INFO]: 处理后数据为-->0.0
[2021-02-02 11:32:38] [INFO]: 结束执行用例-><class 'test_index.TestOnkeyQuery'>.test_00029_onekeyquery_check_payquery
[2021-02-02 11:32:39] [INFO]: ****************************************************************************************************
[2021-02-02 11:32:39] [INFO]: 开始执行用例-><class 'test_index.TestOnkeyQuery'>.test_00030_onekeyquery_check_xiangdanuqery
[2021-02-02 11:32:39] [INFO]: ****************************************************************************************************
[2021-02-02 11:32:39] [INFO]: [32mINFO start to test test_index.test_onekeyquery_check_xiangdanuqery (30/68)[0m
[2021-02-02 11:32:39] [INFO]: 开始执行find_element方法
[2021-02-02 11:32:40] [INFO]: 成功定位元素,by->xpath, value=//*[@content-desc="详单查询"], 返回元素-><appium.webdriver.webelement.WebElement (session="ea2ce4f4-97fb-41d2-902d-3cf5c4cf50dd", element="28")>
[2021-02-02 11:32:44] [INFO]: 开始执行find_element方法
[2021-02-02 11:32:44] [INFO]: 成功定位元素,by->xpath, value=//*[@content-desc="流量详单"], 返回元素-><appium.webdriver.webelement.WebElement (session="ea2ce4f4-97fb-41d2-902d-3cf5c4cf50dd", element="29")>
[2021-02-02 11:32:46] [INFO]: 定位到的页面元素是流量详单
[2021-02-02 11:32:46] [INFO]: 结束执行用例-><class 'test_index.TestOnkeyQuery'>.test_00030_onekeyquery_check_xiangdanuqery
[2021-02-02 11:32:46] [INFO]: ****************************************************************************************************
[2021-02-02 11:32:46] [INFO]: 开始执行用例-><class 'test_index.TestOnkeyQuery'>.test_00031_onekeyquery_check_tonghuaxiangdan
[2021-02-02 11:32:46] [INFO]: ****************************************************************************************************
[2021-02-02 11:32:46] [INFO]: [32mINFO start to test test_index.test_onekeyquery_check_tonghuaxiangdan (31/68)[0m
[2021-02-02 11:32:46] [INFO]: 开始执行find_element方法
[2021-02-02 11:32:47] [INFO]: 成功定位元素,by->xpath, value=//*[@content-desc="通话详单"], 返回元素-><appium.webdriver.webelement.WebElement (session="ea2ce4f4-97fb-41d2-902d-3cf5c4cf50dd", element="30")>
[2021-02-02 11:32:47] [INFO]: 定位到的页面元素是通话详单
[2021-02-02 11:32:47] [INFO]: 结束执行用例-><class 'test_index.TestOnkeyQuery'>.test_00031_onekeyquery_check_tonghuaxiangdan
[2021-02-02 11:32:47] [INFO]: ****************************************************************************************************
[2021-02-02 11:32:47] [INFO]: 开始执行用例-><class 'test_index.TestOnkeyQuery'>.test_00035_oenkeyquery_check_daishouyewu
[2021-02-02 11:32:47] [INFO]: ****************************************************************************************************
[2021-02-02 11:32:48] [INFO]: [32mINFO start to test test_index.test_oenkeyquery_check_daishouyewu (32/68)[0m
[2021-02-02 11:32:48] [INFO]: 开始执行find_element方法
[2021-02-02 11:32:50] [INFO]: 成功定位元素,by->xpath, value=//*[@content-desc="代收费用业务扣费记录"], 返回元素-><appium.webdriver.webelement.WebElement (session="ea2ce4f4-97fb-41d2-902d-3cf5c4cf50dd", element="31")>
[2021-02-02 11:32:50] [INFO]: 定位到的页面元素是代收费用业务扣费记录
[2021-02-02 11:32:50] [INFO]: 结束执行用例-><class 'test_index.TestOnkeyQuery'>.test_00035_oenkeyquery_check_daishouyewu
[2021-02-02 11:32:50] [INFO]: ****************************************************************************************************
[2021-02-02 11:32:50] [INFO]: 开始执行用例-><class 'test_index.TestOnkeyQuery'>.test_00036_onekeyquery_check_otherjilu
[2021-02-02 11:32:50] [INFO]: ****************************************************************************************************
[2021-02-02 11:32:50] [INFO]: [32mINFO start to test test_index.test_onekeyquery_check_otherjilu (33/68)[0m
[2021-02-02 11:32:50] [INFO]: 开始执行find_element方法
[2021-02-02 11:32:51] [INFO]: 成功定位元素,by->xpath, value=//*[@content-desc="其他费用扣费记录"], 返回元素-><appium.webdriver.webelement.WebElement (session="ea2ce4f4-97fb-41d2-902d-3cf5c4cf50dd", element="32")>
[2021-02-02 11:32:51] [INFO]: 定位到的页面元素是其他费用扣费记录
[2021-02-02 11:32:51] [INFO]: 结束执行用例-><class 'test_index.TestOnkeyQuery'>.test_00036_onekeyquery_check_otherjilu
[2021-02-02 11:32:51] [INFO]: ****************************************************************************************************
[2021-02-02 11:32:51] [INFO]: 开始执行用例-><class 'test_index.TestOnkeyQuery'>.test_00037_onekeyquery_check_onlineservicebutton
[2021-02-02 11:32:51] [INFO]: ****************************************************************************************************
[2021-02-02 11:32:51] [INFO]: [32mINFO start to test test_index.test_onekeyquery_check_onlineservicebutton (34/68)[0m
[2021-02-02 11:32:51] [INFO]: 开始执行find_element方法
[2021-02-02 11:32:53] [INFO]: 成功定位元素,by->xpath, value=//*[@resource-id="drag"], 返回元素-><appium.webdriver.webelement.WebElement (session="ea2ce4f4-97fb-41d2-902d-3cf5c4cf50dd", element="33")>
[2021-02-02 11:32:53] [INFO]: 结束执行用例-><class 'test_index.TestOnkeyQuery'>.test_00037_onekeyquery_check_onlineservicebutton
[2021-02-02 11:32:53] [INFO]: ****************************************************************************************************
[2021-02-02 11:32:57] [INFO]: ****************************************************************************************************
[2021-02-02 11:33:14] [INFO]: 初始化--><class 'utx.core.Meta'>类
[2021-02-02 11:33:24] [INFO]: 开始执行_close_msg_alert方法
[2021-02-02 11:33:24] [INFO]: 开始定位首页推荐弹出框元素,方式->by_id, 值->com.sunrise.scmbhc:id/pop_image_close
[2021-02-02 11:33:31] [WARNING]: 未发现首页推荐弹出框元素,方法退出, 返回False
[2021-02-02 11:33:31] [INFO]: ****************************************************************************************************
[2021-02-02 11:33:31] [INFO]: 开始执行用例-><class 'test_my.TestCaseMy'>.test_00051_dqye
[2021-02-02 11:33:31] [INFO]: ****************************************************************************************************
[2021-02-02 11:33:31] [INFO]: [32mINFO start to test test_my.test_dqye (48/68)[0m
[2021-02-02 11:33:31] [INFO]: 开始执行find_element方法
[2021-02-02 11:33:31] [INFO]: 成功定位元素,by->id, value=com.sunrise.scmbhc:id/menubottomlayout, 返回元素-><appium.webdriver.webelement.WebElement (session="80df4720-da48-4629-9747-09156d409457", element="1")>
[2021-02-02 11:33:35] [INFO]: 开始执行find_element方法
[2021-02-02 11:33:35] [INFO]: 成功定位元素,by->id, value=com.sunrise.scmbhc:id/id_mobile_balance_txt, 返回元素-><appium.webdriver.webelement.WebElement (session="80df4720-da48-4629-9747-09156d409457", element="3")>
[2021-02-02 11:33:35] [INFO]: 开始执行find_element方法
[2021-02-02 11:33:35] [INFO]: 成功定位元素,by->id, value=com.sunrise.scmbhc:id/id_mobile_consume_txt, 返回元素-><appium.webdriver.webelement.WebElement (session="80df4720-da48-4629-9747-09156d409457", element="4")>
[2021-02-02 11:33:35] [INFO]: 当前余额金额->84.77元
[2021-02-02 11:33:36] [INFO]: 结束执行用例-><class 'test_my.TestCaseMy'>.test_00051_dqye
[2021-02-02 11:33:36] [INFO]: ****************************************************************************************************
[2021-02-02 11:33:36] [INFO]: 开始执行用例-><class 'test_my.TestCaseMy'>.test_00052_dyxf
[2021-02-02 11:33:36] [INFO]: ****************************************************************************************************
[2021-02-02 11:33:36] [INFO]: [32mINFO start to test test_my.test_dyxf (49/68)[0m
[2021-02-02 11:33:36] [INFO]: 开始执行find_element方法
[2021-02-02 11:33:36] [INFO]: 成功定位元素,by->id, value=com.sunrise.scmbhc:id/menubottomlayout, 返回元素-><appium.webdriver.webelement.WebElement (session="80df4720-da48-4629-9747-09156d409457", element="5")>
[2021-02-02 11:33:37] [INFO]: 开始执行find_element方法
[2021-02-02 11:33:37] [INFO]: 成功定位元素,by->id, value=com.sunrise.scmbhc:id/id_mobile_balance_txt, 返回元素-><appium.webdriver.webelement.WebElement (session="80df4720-da48-4629-9747-09156d409457", element="7")>
[2021-02-02 11:33:38] [INFO]: 开始执行find_element方法
[2021-02-02 11:33:39] [INFO]: 成功定位元素,by->id, value=com.sunrise.scmbhc:id/id_mobile_consume_txt, 返回元素-><appium.webdriver.webelement.WebElement (session="80df4720-da48-4629-9747-09156d409457", element="8")>
[2021-02-02 11:33:41] [INFO]: 当前消费金额->0.00元
[2021-02-02 11:33:41] [INFO]: 结束执行用例-><class 'test_my.TestCaseMy'>.test_00052_dyxf
[2021-02-02 11:33:41] [INFO]: ****************************************************************************************************
[2021-02-02 11:33:41] [INFO]: 开始执行用例-><class 'test_my.TestCaseMy'>.test_00053_syll
[2021-02-02 11:33:41] [INFO]: ****************************************************************************************************
[2021-02-02 11:33:41] [INFO]: [32mINFO start to test test_my.test_syll (50/68)[0m
[2021-02-02 11:33:41] [INFO]: 开始执行find_element方法
[2021-02-02 11:33:43] [INFO]: 成功定位元素,by->id, value=com.sunrise.scmbhc:id/menubottomlayout, 返回元素-><appium.webdriver.webelement.WebElement (session="80df4720-da48-4629-9747-09156d409457", element="9")>
[2021-02-02 11:33:47] [INFO]: 开始执行find_element方法
[2021-02-02 11:33:50] [INFO]: 成功定位元素,by->id, value=com.sunrise.scmbhc:id/id_mobile_flow_txt, 返回元素-><appium.webdriver.webelement.WebElement (session="80df4720-da48-4629-9747-09156d409457", element="11")>
[2021-02-02 11:33:51] [INFO]: 剩余流量->2.14GB
[2021-02-02 11:33:51] [INFO]: 结束执行用例-><class 'test_my.TestCaseMy'>.test_00053_syll
[2021-02-02 11:33:51] [INFO]: ****************************************************************************************************
[2021-02-02 11:33:51] [INFO]: 开始执行用例-><class 'test_my.TestCaseMy'>.test_00054_syyy
[2021-02-02 11:33:51] [INFO]: ****************************************************************************************************
[2021-02-02 11:33:51] [INFO]: [32mINFO start to test test_my.test_syyy (51/68)[0m
[2021-02-02 11:33:51] [INFO]: 开始执行find_element方法
[2021-02-02 11:33:53] [INFO]: 成功定位元素,by->id, value=com.sunrise.scmbhc:id/menubottomlayout, 返回元素-><appium.webdriver.webelement.WebElement (session="80df4720-da48-4629-9747-09156d409457", element="12")>
[2021-02-02 11:33:58] [INFO]: 开始执行find_element方法
[2021-02-02 11:34:02] [INFO]: 成功定位元素,by->id, value=com.sunrise.scmbhc:id/id_mobile_flow_txt, 返回元素-><appium.webdriver.webelement.WebElement (session="80df4720-da48-4629-9747-09156d409457", element="14")>
[2021-02-02 11:34:02] [INFO]: 开始执行find_element方法
[2021-02-02 11:34:03] [INFO]: 成功定位元素,by->id, value=com.sunrise.scmbhc:id/id_mobile_volte_txt, 返回元素-><appium.webdriver.webelement.WebElement (session="80df4720-da48-4629-9747-09156d409457", element="15")>
[2021-02-02 11:34:05] [INFO]: 剩余语音->100分钟
[2021-02-02 11:34:05] [INFO]: 结束执行用例-><class 'test_my.TestCaseMy'>.test_00054_syyy
[2021-02-02 11:34:05] [INFO]: ****************************************************************************************************
[2021-02-02 11:34:05] [INFO]: 开始执行用例-><class 'test_my.TestCaseMy'>.test_00055_kyjf
[2021-02-02 11:34:05] [INFO]: ****************************************************************************************************
[2021-02-02 11:34:05] [INFO]: [32mINFO start to test test_my.test_kyjf (52/68)[0m
[2021-02-02 11:34:05] [INFO]: 开始执行find_element方法
[2021-02-02 11:34:06] [INFO]: 成功定位元素,by->id, value=com.sunrise.scmbhc:id/id_mobile_score_txt, 返回元素-><appium.webdriver.webelement.WebElement (session="80df4720-da48-4629-9747-09156d409457", element="16")>
[2021-02-02 11:34:06] [INFO]: 处理后积分为:0
[2021-02-02 11:34:07] [INFO]: 结束执行用例-><class 'test_my.TestCaseMy'>.test_00055_kyjf
[2021-02-02 11:34:08] [INFO]: ****************************************************************************************************
[2021-02-02 11:34:08] [INFO]: 开始执行用例-><class 'test_my.TestCaseMy'>.test_00056_user_num
[2021-02-02 11:34:08] [INFO]: ****************************************************************************************************
[2021-02-02 11:34:09] [INFO]: [32mINFO start to test test_my.test_user_num (53/68)[0m
[2021-02-02 11:34:09] [INFO]: 开始执行find_element方法
[2021-02-02 11:34:09] [INFO]: 成功定位元素,by->id, value=com.sunrise.scmbhc:id/menubottomlayout, 返回元素-><appium.webdriver.webelement.WebElement (session="80df4720-da48-4629-9747-09156d409457", element="17")>
[2021-02-02 11:34:14] [INFO]: 开始执行find_element方法
[2021-02-02 11:34:15] [INFO]: 成功定位元素,by->id, value=com.sunrise.scmbhc:id/title_tv_1, 返回元素-><appium.webdriver.webelement.WebElement (session="80df4720-da48-4629-9747-09156d409457", element="19")>
[2021-02-02 11:34:18] [INFO]: 获取到的手机号码是:134****2934
[2021-02-02 11:34:19] [INFO]: 结束执行用例-><class 'test_my.TestCaseMy'>.test_00056_user_num
[2021-02-02 11:34:19] [INFO]: ****************************************************************************************************
[2021-02-02 11:34:19] [INFO]: 开始执行用例-><class 'test_my.TestCaseMy'>.test_00057_user_star
[2021-02-02 11:34:19] [INFO]: ****************************************************************************************************
[2021-02-02 11:34:20] [INFO]: [32mINFO start to test test_my.test_user_star (54/68)[0m
[2021-02-02 11:34:20] [INFO]: 开始执行find_element方法
[2021-02-02 11:34:33] [WARNING]: 定位元素失败,by->id, value=com.sunrise.scmbhc:id/user_info_btn_explain, 返回None
[2021-02-02 11:34:34] [INFO]: 当前activity->.ui.activity.home.HomeActivity
[2021-02-02 11:34:34] [INFO]: 结束执行用例-><class 'test_my.TestCaseMy'>.test_00057_user_star
[2021-02-02 11:34:35] [INFO]: ****************************************************************************************************
[2021-02-02 11:34:35] [INFO]: 开始执行用例-><class 'test_my.TestCaseMy'>.test_00058_tclx
[2021-02-02 11:34:35] [INFO]: ****************************************************************************************************
[2021-02-02 11:34:35] [INFO]: [32mINFO start to test test_my.test_tclx (55/68)[0m
[2021-02-02 11:34:35] [INFO]: 开始执行find_element方法
[2021-02-02 11:34:36] [INFO]: 成功定位元素,by->id, value=com.sunrise.scmbhc:id/menubottomlayout, 返回元素-><appium.webdriver.webelement.WebElement (session="80df4720-da48-4629-9747-09156d409457", element="20")>
[2021-02-02 11:34:41] [INFO]: 开始执行find_element方法
[2021-02-02 11:34:42] [INFO]: 成功定位元素,by->id, value=com.sunrise.scmbhc:id/id_my_mobile_meal, 返回元素-><appium.webdriver.webelement.WebElement (session="80df4720-da48-4629-9747-09156d409457", element="22")>
[2021-02-02 11:34:43] [INFO]: 结束执行用例-><class 'test_my.TestCaseMy'>.test_00058_tclx
[2021-02-02 11:34:43] [INFO]: ****************************************************************************************************
[2021-02-02 11:34:47] [INFO]: 测试用例执行完成，开始收集结果！！
[2021-02-02 11:34:47] [INFO]: 开始对结果进行去重处理
[2021-02-02 11:34:47] [INFO]: 关闭appium-server服务
