[2021-02-02 11:27:44] [INFO]: é‡æ–°å¯åŠ¨adb
[2021-02-02 11:28:00] [INFO]: å·²ç»èŽ·å–åˆ°çš„å½“å‰é¡¹ç›®çš„ç‰ˆæœ¬æ˜¯:v4.3.0
[2021-02-02 11:28:00] [INFO]: å·²ç»èŽ·å–åˆ°å½“å‰è¿žæŽ¥çš„æ‰‹æœºçš„ç³»ç»Ÿç‰ˆæœ¬æ˜¯:6.0
[2021-02-02 11:28:00] [INFO]: ç­‰å¾…20Så¯åŠ¨AppiumServer
[2021-02-02 11:28:21] [INFO]: appium-serverå¯åŠ¨æˆåŠŸï¼ï¼
[2021-02-02 11:28:21] [INFO]: å½“å‰æ‰§è¡Œæ‰‹æœºç³»ç»Ÿç‰ˆæœ¬å°äºŽ8.0
[2021-02-02 11:28:21] [INFO]: ****************************************************************************************************
[2021-02-02 11:28:34] [INFO]: åˆå§‹åŒ–--><class 'utx.core.Meta'>ç±»
[2021-02-02 11:28:44] [INFO]: å¼€å§‹æ‰§è¡Œ_close_msg_alertæ–¹æ³•
[2021-02-02 11:28:44] [INFO]: å¼€å§‹å®šä½é¦–é¡µæŽ¨èå¼¹å‡ºæ¡†å…ƒç´ ,æ–¹å¼->by_id, å€¼->com.sunrise.scmbhc:id/pop_image_close
[2021-02-02 11:28:53] [WARNING]: æœªå‘çŽ°é¦–é¡µæŽ¨èå¼¹å‡ºæ¡†å…ƒç´ ,æ–¹æ³•é€€å‡º, è¿”å›žFalse
[2021-02-02 11:28:53] [INFO]: ****************************************************************************************************
[2021-02-02 11:28:53] [INFO]: å¼€å§‹æ‰§è¡Œç”¨ä¾‹-><class 'test_index.TestOnkeyQuery'>.test_00011_index_check_onekeyquery
[2021-02-02 11:28:53] [INFO]: ****************************************************************************************************
[2021-02-02 11:28:54] [INFO]: [32mINFO start to test test_index.test_index_check_onekeyquery (11/68)[0m
[2021-02-02 11:28:54] [INFO]: å¼€å§‹æ‰§è¡Œfind_elementæ–¹æ³•
[2021-02-02 11:28:54] [INFO]: æˆåŠŸå®šä½å…ƒç´ ,by->xpath, value=//*[@resource-id="com.sunrise.scmbhc:id/gridview_main_bis"]/android.widget.LinearLayout[1], è¿”å›žå…ƒç´ -><appium.webdriver.webelement.WebElement (session="ff8dbd92-d829-4b77-b248-fc0b0bd41078", element="1")>
[2021-02-02 11:28:54] [INFO]: ç»“æŸæ‰§è¡Œç”¨ä¾‹-><class 'test_index.TestOnkeyQuery'>.test_00011_index_check_onekeyquery
[2021-02-02 11:28:54] [INFO]: ****************************************************************************************************
[2021-02-02 11:28:54] [INFO]: å¼€å§‹æ‰§è¡Œç”¨ä¾‹-><class 'test_index.TestOnkeyQuery'>.test_00012_onekeyquery_checkstar
[2021-02-02 11:28:54] [INFO]: ****************************************************************************************************
[2021-02-02 11:28:54] [INFO]: [32mINFO start to test test_index.test_onekeyquery_checkstar (12/68)[0m
[2021-02-02 11:28:54] [INFO]: å¼€å§‹æ‰§è¡Œfind_elementæ–¹æ³•
[2021-02-02 11:28:55] [INFO]: æˆåŠŸå®šä½å…ƒç´ ,by->xpath, value=//*[@resource-id="com.sunrise.scmbhc:id/gridview_main_bis"]/android.widget.LinearLayout[1], è¿”å›žå…ƒç´ -><appium.webdriver.webelement.WebElement (session="ff8dbd92-d829-4b77-b248-fc0b0bd41078", element="2")>
[2021-02-02 11:29:03] [INFO]: å¼€å§‹æ‰§è¡Œ_close_msg_alertæ–¹æ³•
[2021-02-02 11:29:03] [INFO]: å¼€å§‹å®šä½é¦–é¡µæŽ¨èå¼¹å‡ºæ¡†å…ƒç´ ,æ–¹å¼->by_id, å€¼->com.sunrise.scmbhc:id/pop_image_close
[2021-02-02 11:29:11] [WARNING]: æœªå‘çŽ°é¦–é¡µæŽ¨èå¼¹å‡ºæ¡†å…ƒç´ ,æ–¹æ³•é€€å‡º, è¿”å›žFalse
[2021-02-02 11:29:11] [INFO]: å¼€å§‹æ‰§è¡Œfind_elementæ–¹æ³•
[2021-02-02 11:29:22] [WARNING]: å®šä½å…ƒç´ å¤±è´¥,by->xpath, value=//*[@resource-id="starLevel"], è¿”å›žNone
[2021-02-02 11:29:22] [INFO]: å½“å‰activity->.ui.activity.webview.WebViewAcitivty
[2021-02-02 11:29:22] [INFO]: ç»“æŸæ‰§è¡Œç”¨ä¾‹-><class 'test_index.TestOnkeyQuery'>.test_00012_onekeyquery_checkstar
[2021-02-02 11:29:23] [INFO]: ****************************************************************************************************
[2021-02-02 11:29:23] [INFO]: å¼€å§‹æ‰§è¡Œç”¨ä¾‹-><class 'test_index.TestOnkeyQuery'>.test_00013_onekeyquery_checkjifen
[2021-02-02 11:29:23] [INFO]: ****************************************************************************************************
[2021-02-02 11:29:23] [INFO]: [32mINFO start to test test_index.test_onekeyquery_checkjifen (13/68)[0m
[2021-02-02 11:29:23] [INFO]: å¼€å§‹æ‰§è¡Œfind_elementæ–¹æ³•
[2021-02-02 11:29:34] [WARNING]: å®šä½å…ƒç´ å¤±è´¥,by->xpath, value=//*[@resource-id="jifen"], è¿”å›žNone
[2021-02-02 11:29:34] [INFO]: å½“å‰activity->.ui.activity.webview.WebViewAcitivty
[2021-02-02 11:29:34] [INFO]: ç»“æŸæ‰§è¡Œç”¨ä¾‹-><class 'test_index.TestOnkeyQuery'>.test_00013_onekeyquery_checkjifen
[2021-02-02 11:29:35] [INFO]: ****************************************************************************************************
[2021-02-02 11:29:35] [INFO]: å¼€å§‹æ‰§è¡Œç”¨ä¾‹-><class 'test_index.TestOnkeyQuery'>.test_00014_onkeyquery_check_dyye
[2021-02-02 11:29:35] [INFO]: ****************************************************************************************************
[2021-02-02 11:29:35] [INFO]: [32mINFO start to test test_index.test_onkeyquery_check_dyye (14/68)[0m
[2021-02-02 11:29:35] [INFO]: å¼€å§‹æ‰§è¡Œfind_elementæ–¹æ³•
